TN:verilator_coverage
SF:/home/ihsan/.cc/worktrees/ece298a/r2r-dac/blocks/r2r_dac/digital/rtl/r2r_dac_digital.v
DA:5,4395
BRDA:5,0,clk:0->1,4395
BRDA:5,0,clk:1->0,4395
DA:6,23
BRDA:6,0,rst_n:0->1,23
BRDA:6,0,rst_n:1->0,22
DA:7,746
BRDA:7,0,ena:0->1,746
BRDA:7,0,ena:1->0,745
DA:8,781
BRDA:8,0,ui_in[0]:0->1,734
BRDA:8,0,ui_in[0]:1->0,733
BRDA:8,0,ui_in[1]:0->1,762
BRDA:8,0,ui_in[1]:1->0,762
BRDA:8,0,ui_in[2]:0->1,755
BRDA:8,0,ui_in[2]:1->0,754
BRDA:8,0,ui_in[3]:0->1,781
BRDA:8,0,ui_in[3]:1->0,780
BRDA:8,0,ui_in[4]:0->1,755
BRDA:8,0,ui_in[4]:1->0,755
BRDA:8,0,ui_in[5]:0->1,749
BRDA:8,0,ui_in[5]:1->0,749
BRDA:8,0,ui_in[6]:0->1,743
BRDA:8,0,ui_in[6]:1->0,742
BRDA:8,0,ui_in[7]:0->1,743
BRDA:8,0,ui_in[7]:1->0,743
DA:9,236
BRDA:9,0,mode[0]:0->1,235
BRDA:9,0,mode[0]:1->0,234
BRDA:9,0,mode[1]:0->1,236
BRDA:9,0,mode[1]:1->0,236
DA:10,3
BRDA:10,0,slow:0->1,3
BRDA:10,0,slow:1->0,3
DA:11,775
BRDA:11,0,dac_code[0]:0->1,775
BRDA:11,0,dac_code[0]:1->0,774
BRDA:11,0,dac_code[1]:0->1,626
BRDA:11,0,dac_code[1]:1->0,625
BRDA:11,0,dac_code[2]:0->1,501
BRDA:11,0,dac_code[2]:1->0,500
BRDA:11,0,dac_code[3]:0->1,418
BRDA:11,0,dac_code[3]:1->0,418
BRDA:11,0,dac_code[4]:0->1,341
BRDA:11,0,dac_code[4]:1->0,341
BRDA:11,0,dac_code[5]:0->1,317
BRDA:11,0,dac_code[5]:1->0,317
BRDA:11,0,dac_code[6]:0->1,275
BRDA:11,0,dac_code[6]:1->0,274
BRDA:11,0,dac_code[7]:0->1,332
BRDA:11,0,dac_code[7]:1->0,331
DA:12,775
BRDA:12,0,uo_out[0]:0->1,775
BRDA:12,0,uo_out[0]:1->0,774
BRDA:12,0,uo_out[1]:0->1,626
BRDA:12,0,uo_out[1]:1->0,625
BRDA:12,0,uo_out[2]:0->1,501
BRDA:12,0,uo_out[2]:1->0,500
BRDA:12,0,uo_out[3]:0->1,418
BRDA:12,0,uo_out[3]:1->0,418
BRDA:12,0,uo_out[4]:0->1,341
BRDA:12,0,uo_out[4]:1->0,341
BRDA:12,0,uo_out[5]:0->1,317
BRDA:12,0,uo_out[5]:1->0,317
BRDA:12,0,uo_out[6]:0->1,275
BRDA:12,0,uo_out[6]:1->0,274
BRDA:12,0,uo_out[7]:0->1,332
BRDA:12,0,uo_out[7]:1->0,331
DA:14,192
BRDA:14,0,code_reg[0]:0->1,185
BRDA:14,0,code_reg[0]:1->0,184
BRDA:14,0,code_reg[1]:0->1,182
BRDA:14,0,code_reg[1]:1->0,181
BRDA:14,0,code_reg[2]:0->1,177
BRDA:14,0,code_reg[2]:1->0,177
BRDA:14,0,code_reg[3]:0->1,192
BRDA:14,0,code_reg[3]:1->0,192
BRDA:14,0,code_reg[4]:0->1,188
BRDA:14,0,code_reg[4]:1->0,188
BRDA:14,0,code_reg[5]:0->1,187
BRDA:14,0,code_reg[5]:1->0,186
BRDA:14,0,code_reg[6]:0->1,166
BRDA:14,0,code_reg[6]:1->0,166
BRDA:14,0,code_reg[7]:0->1,182
BRDA:14,0,code_reg[7]:1->0,181
DA:15,1101
BRDA:15,0,cnt[0]:0->1,1101
BRDA:15,0,cnt[0]:1->0,1101
BRDA:15,0,cnt[1]:0->1,551
BRDA:15,0,cnt[1]:1->0,551
BRDA:15,0,cnt[2]:0->1,276
BRDA:15,0,cnt[2]:1->0,276
BRDA:15,0,cnt[3]:0->1,137
BRDA:15,0,cnt[3]:1->0,136
BRDA:15,0,cnt[4]:0->1,67
BRDA:15,0,cnt[4]:1->0,67
BRDA:15,0,cnt[5]:0->1,34
BRDA:15,0,cnt[5]:1->0,34
BRDA:15,0,cnt[6]:0->1,18
BRDA:15,0,cnt[6]:1->0,17
BRDA:15,0,cnt[7]:0->1,6
BRDA:15,0,cnt[7]:1->0,5
DA:16,2183
BRDA:16,0,presc[0]:0->1,2183
BRDA:16,0,presc[0]:1->0,2182
BRDA:16,0,presc[1]:0->1,1091
BRDA:16,0,presc[1]:1->0,1091
BRDA:16,0,presc[2]:0->1,545
BRDA:16,0,presc[2]:1->0,545
BRDA:16,0,presc[3]:0->1,274
BRDA:16,0,presc[3]:1->0,273
BRDA:16,0,presc[4]:0->1,133
BRDA:16,0,presc[4]:1->0,133
BRDA:16,0,presc[5]:0->1,68
BRDA:16,0,presc[5]:1->0,67
BRDA:16,0,presc[6]:0->1,34
BRDA:16,0,presc[6]:1->0,33
BRDA:16,0,presc[7]:0->1,17
BRDA:16,0,presc[7]:1->0,16
DA:17,630
BRDA:17,0,sine_val[0]:0->1,630
BRDA:17,0,sine_val[0]:1->0,630
BRDA:17,0,sine_val[1]:0->1,630
BRDA:17,0,sine_val[1]:1->0,629
BRDA:17,0,sine_val[2]:0->1,533
BRDA:17,0,sine_val[2]:1->0,533
BRDA:17,0,sine_val[3]:0->1,262
BRDA:17,0,sine_val[3]:1->0,262
BRDA:17,0,sine_val[4]:0->1,127
BRDA:17,0,sine_val[4]:1->0,127
BRDA:17,0,sine_val[5]:0->1,57
BRDA:17,0,sine_val[5]:1->0,57
BRDA:17,0,sine_val[6]:0->1,25
BRDA:17,0,sine_val[6]:1->0,25
BRDA:17,0,sine_val[7]:0->1,6
BRDA:17,0,sine_val[7]:1->0,6
DA:19,746
BRDA:19,0,unused_ena:0->1,746
BRDA:19,0,unused_ena:1->0,745
DA:21,25012
DA:22,25012
DA:23,7128
DA:24,2946
DA:25,1467
DA:26,141
DA:27,115
DA:28,109
DA:29,108
DA:30,103
DA:31,96
DA:32,86
DA:33,87
DA:34,86
DA:35,86
DA:36,86
DA:37,86
DA:38,87
DA:39,86
DA:40,81
DA:41,81
DA:42,81
DA:43,81
DA:44,81
DA:45,81
DA:46,81
DA:47,81
DA:48,81
DA:49,81
DA:50,81
DA:51,81
DA:52,81
DA:53,81
DA:54,81
DA:55,81
DA:56,81
DA:57,81
DA:58,81
DA:59,81
DA:60,81
DA:61,81
DA:62,81
DA:63,81
DA:64,81
DA:65,81
DA:66,81
DA:67,81
DA:68,76
DA:69,76
DA:70,76
DA:71,70
DA:72,70
DA:73,70
DA:74,70
DA:75,70
DA:76,70
DA:77,70
DA:78,70
DA:79,70
DA:80,70
DA:81,70
DA:82,70
DA:83,70
DA:84,70
DA:85,70
DA:86,70
DA:87,70
DA:88,70
DA:89,70
DA:90,70
DA:91,70
DA:92,70
DA:93,70
DA:94,70
DA:95,70
DA:96,70
DA:97,70
DA:98,70
DA:99,70
DA:100,70
DA:101,70
DA:102,70
DA:103,70
DA:104,70
DA:105,70
DA:106,70
DA:107,70
DA:108,376
DA:109,58
DA:110,58
DA:111,58
DA:112,58
DA:113,58
DA:114,58
DA:115,58
DA:116,58
DA:117,52
DA:118,52
DA:119,52
DA:120,46
DA:121,46
DA:122,46
DA:123,46
DA:124,46
DA:125,904
DA:126,40
DA:127,40
DA:128,40
DA:129,40
DA:130,34
DA:131,34
DA:132,34
DA:133,34
DA:134,34
DA:135,34
DA:136,34
DA:137,34
DA:138,34
DA:139,34
DA:140,34
DA:141,34
DA:142,34
DA:143,34
DA:144,34
DA:145,34
DA:146,34
DA:147,34
DA:148,34
DA:149,34
DA:150,34
DA:151,34
DA:152,34
DA:153,34
DA:154,34
DA:155,34
DA:156,34
DA:157,34
DA:158,34
DA:159,34
DA:160,34
DA:161,34
DA:162,34
DA:163,34
DA:164,34
DA:165,34
DA:166,34
DA:167,34
DA:168,34
DA:169,34
DA:170,34
DA:171,34
DA:172,34
DA:173,34
DA:174,34
DA:175,34
DA:176,34
DA:177,34
DA:178,34
DA:179,34
DA:180,34
DA:181,34
DA:182,34
DA:183,34
DA:184,34
DA:185,34
DA:186,34
DA:187,34
DA:188,34
DA:189,34
DA:190,34
DA:191,34
DA:192,34
DA:193,34
DA:194,34
DA:195,34
DA:196,34
DA:197,34
DA:198,34
DA:199,34
DA:200,34
DA:201,34
DA:202,34
DA:203,34
DA:204,34
DA:205,34
DA:206,34
DA:207,34
DA:208,34
DA:209,34
DA:210,34
DA:211,34
DA:212,34
DA:213,34
DA:214,34
DA:215,34
DA:216,34
DA:217,34
DA:218,34
DA:219,34
DA:220,34
DA:221,34
DA:222,34
DA:223,31
DA:224,28
DA:225,28
DA:226,28
DA:227,28
DA:228,28
DA:229,28
DA:230,28
DA:231,28
DA:232,28
DA:233,28
DA:234,28
DA:235,28
DA:236,28
DA:237,28
DA:238,28
DA:239,28
DA:240,28
DA:241,28
DA:242,28
DA:243,28
DA:244,28
DA:245,28
DA:246,28
DA:247,28
DA:248,28
DA:249,28
DA:250,28
DA:251,28
DA:252,28
DA:253,28
DA:254,28
DA:255,28
DA:256,28
DA:257,28
DA:258,28
DA:259,28
DA:260,28
DA:261,28
DA:262,28
DA:263,28
DA:264,28
DA:265,28
DA:266,28
DA:267,28
DA:268,28
DA:269,28
DA:270,28
DA:271,28
DA:272,28
DA:273,28
DA:274,28
DA:275,28
DA:276,28
DA:277,28
DA:278,28
DA:279,0
DA:283,12736
BRDA:283,0,((presc == 8'hff)==1) => 1,55
BRDA:283,0,(slow==0) => 1,12736
BRDA:283,0,(slow==1 && (presc == 8'hff)==0) => 0,12249
BRDA:283,0,step:0->1,9
BRDA:283,0,step:1->0,8
DA:285,4395
DA:286,4355
BRDA:286,0,if,40
BRDA:286,0,else,4355
BRDA:286,0,(rst_n==0) => 1,40
BRDA:286,0,(rst_n==1) => 0,4355
DA:287,40
DA:288,40
DA:289,40
DA:290,40
DA:291,4355
DA:292,4355
DA:293,717
DA:294,1825
DA:295,1064
DA:296,749
DA:298,3638
BRDA:298,0,if,717
BRDA:298,0,else,3638
DA:299,717
DA:300,4355
DA:301,2195
BRDA:301,0,if,2195
BRDA:301,0,else,2160
DA:302,2195
BRF:139
BRH:131
end_of_record
