<?xml version='1.0' encoding='utf-8'?>
<testsuites name="cocotb tests"><testsuite name="test_r2r_dac_digital" errors="0" failures="0" skipped="0" tests="8" time="0.213" timestamp="2026-09-25T13:01:28.448769+00:00" hostname="iiks1"><testcase classname="test_r2r_dac_digital" name="test_reset_clears" time="0.001"><properties><property name="cocotb" value="True" /><property name="random_seed" value="1790341285" /><property name="file" value="/home/ihsan/.cc/worktrees/ece298a/r2r-dac/blocks/r2r_dac/digital/tb/test_r2r_dac_digital.py" /><property name="line" value="35" /><property name="sim_time_unit" value="ns" /><property name="sim_time_start" value="0.0" /><property name="sim_time_stop" value="170.0" /><property name="sim_time_duration" value="170.0" /><property name="sim_time_ratio" value="236948.3328692661" /><property name="attachment" value="/home/ihsan/.cc/worktrees/ece298a/r2r-dac/blocks/r2r_dac/digital/log/cover_build/cover.log" /></properties><system-out>[[ATTACHMENT|/home/ihsan/.cc/worktrees/ece298a/r2r-dac/blocks/r2r_dac/digital/log/cover_build/cover.log]]
</system-out></testcase><testcase classname="test_r2r_dac_digital" name="test_register_capture" time="0.001"><properties><property name="cocotb" value="True" /><property name="random_seed" value="1790341285" /><property name="file" value="/home/ihsan/.cc/worktrees/ece298a/r2r-dac/blocks/r2r_dac/digital/tb/test_r2r_dac_digital.py" /><property name="line" value="58" /><property name="sim_time_unit" value="ns" /><property name="sim_time_start" value="170.001" /><property name="sim_time_stop" value="380.001" /><property name="sim_time_duration" value="209.99999999999997" /><property name="sim_time_ratio" value="224320.32678220305" /><property name="attachment" value="/home/ihsan/.cc/worktrees/ece298a/r2r-dac/blocks/r2r_dac/digital/log/cover_build/cover.log" /></properties><system-out>[[ATTACHMENT|/home/ihsan/.cc/worktrees/ece298a/r2r-dac/blocks/r2r_dac/digital/log/cover_build/cover.log]]
</system-out></testcase><testcase classname="test_r2r_dac_digital" name="test_registered_output" time="0.000"><properties><property name="cocotb" value="True" /><property name="random_seed" value="1790341285" /><property name="file" value="/home/ihsan/.cc/worktrees/ece298a/r2r-dac/blocks/r2r_dac/digital/tb/test_r2r_dac_digital.py" /><property name="line" value="68" /><property name="sim_time_unit" value="ns" /><property name="sim_time_start" value="380.002" /><property name="sim_time_stop" value="470.002" /><property name="sim_time_duration" value="90.0" /><property name="sim_time_ratio" value="339740.9464478761" /><property name="attachment" value="/home/ihsan/.cc/worktrees/ece298a/r2r-dac/blocks/r2r_dac/digital/log/cover_build/cover.log" /></properties><system-out>[[ATTACHMENT|/home/ihsan/.cc/worktrees/ece298a/r2r-dac/blocks/r2r_dac/digital/log/cover_build/cover.log]]
</system-out></testcase><testcase classname="test_r2r_dac_digital" name="test_hold_keeps_captured_code" time="0.000"><properties><property name="cocotb" value="True" /><property name="random_seed" value="1790341285" /><property name="file" value="/home/ihsan/.cc/worktrees/ece298a/r2r-dac/blocks/r2r_dac/digital/tb/test_r2r_dac_digital.py" /><property name="line" value="85" /><property name="sim_time_unit" value="ns" /><property name="sim_time_start" value="470.003" /><property name="sim_time_stop" value="840.003" /><property name="sim_time_duration" value="370.00000000000006" /><property name="sim_time_ratio" value="854251.2105877105" /><property name="attachment" value="/home/ihsan/.cc/worktrees/ece298a/r2r-dac/blocks/r2r_dac/digital/log/cover_build/cover.log" /></properties><system-out>[[ATTACHMENT|/home/ihsan/.cc/worktrees/ece298a/r2r-dac/blocks/r2r_dac/digital/log/cover_build/cover.log]]
</system-out></testcase><testcase classname="test_r2r_dac_digital" name="test_ramp_all_codes_and_wrap" time="0.007"><properties><property name="cocotb" value="True" /><property name="random_seed" value="1790341285" /><property name="file" value="/home/ihsan/.cc/worktrees/ece298a/r2r-dac/blocks/r2r_dac/digital/tb/test_r2r_dac_digital.py" /><property name="line" value="106" /><property name="sim_time_unit" value="ns" /><property name="sim_time_start" value="840.004" /><property name="sim_time_stop" value="6890.004" /><property name="sim_time_duration" value="6050.0" /><property name="sim_time_ratio" value="918668.7216351504" /><property name="attachment" value="/home/ihsan/.cc/worktrees/ece298a/r2r-dac/blocks/r2r_dac/digital/log/cover_build/cover.log" /></properties><system-out>[[ATTACHMENT|/home/ihsan/.cc/worktrees/ece298a/r2r-dac/blocks/r2r_dac/digital/log/cover_build/cover.log]]
</system-out></testcase><testcase classname="test_r2r_dac_digital" name="test_slow_prescale" time="0.015"><properties><property name="cocotb" value="True" /><property name="random_seed" value="1790341285" /><property name="file" value="/home/ihsan/.cc/worktrees/ece298a/r2r-dac/blocks/r2r_dac/digital/tb/test_r2r_dac_digital.py" /><property name="line" value="120" /><property name="sim_time_unit" value="ns" /><property name="sim_time_start" value="6890.005" /><property name="sim_time_stop" value="22440.005" /><property name="sim_time_duration" value="15550.0" /><property name="sim_time_ratio" value="1004219.3321547954" /><property name="attachment" value="/home/ihsan/.cc/worktrees/ece298a/r2r-dac/blocks/r2r_dac/digital/log/cover_build/cover.log" /></properties><system-out>[[ATTACHMENT|/home/ihsan/.cc/worktrees/ece298a/r2r-dac/blocks/r2r_dac/digital/log/cover_build/cover.log]]
</system-out></testcase><testcase classname="test_r2r_dac_digital" name="test_sine_table_all_entries" time="0.005"><properties><property name="cocotb" value="True" /><property name="random_seed" value="1790341285" /><property name="file" value="/home/ihsan/.cc/worktrees/ece298a/r2r-dac/blocks/r2r_dac/digital/tb/test_r2r_dac_digital.py" /><property name="line" value="146" /><property name="sim_time_unit" value="ns" /><property name="sim_time_start" value="22440.006" /><property name="sim_time_stop" value="27770.006" /><property name="sim_time_duration" value="5330.0" /><property name="sim_time_ratio" value="1050633.6011672718" /><property name="attachment" value="/home/ihsan/.cc/worktrees/ece298a/r2r-dac/blocks/r2r_dac/digital/log/cover_build/cover.log" /></properties><system-out>[[ATTACHMENT|/home/ihsan/.cc/worktrees/ece298a/r2r-dac/blocks/r2r_dac/digital/log/cover_build/cover.log]]
</system-out></testcase><testcase classname="test_r2r_dac_digital" name="test_random_mode_switching_against_model" time="0.183"><properties><property name="cocotb" value="True" /><property name="random_seed" value="1790341285" /><property name="file" value="/home/ihsan/.cc/worktrees/ece298a/r2r-dac/blocks/r2r_dac/digital/tb/test_r2r_dac_digital.py" /><property name="line" value="157" /><property name="sim_time_unit" value="ns" /><property name="sim_time_start" value="27770.007" /><property name="sim_time_stop" value="87820.007" /><property name="sim_time_duration" value="60050.0" /><property name="sim_time_ratio" value="327927.626622899" /><property name="attachment" value="/home/ihsan/.cc/worktrees/ece298a/r2r-dac/blocks/r2r_dac/digital/log/cover_build/cover.log" /></properties><system-out>[[ATTACHMENT|/home/ihsan/.cc/worktrees/ece298a/r2r-dac/blocks/r2r_dac/digital/log/cover_build/cover.log]]
</system-out></testcase></testsuite></testsuites>