<?xml version='1.0' encoding='utf-8'?>
<testsuites name="cocotb tests"><testsuite name="test_r2r_dac_digital_holdout" errors="0" failures="0" skipped="0" tests="2" time="0.044" timestamp="2026-09-25T12:56:35.215338+00:00" hostname="iiks1"><testcase classname="test_r2r_dac_digital_holdout" name="test_one_clock_reset_clears_prescaler" time="0.038"><properties><property name="cocotb" value="True" /><property name="random_seed" value="1790340990" /><property name="file" value="/home/ihsan/.cc/worktrees/ece298a/r2r-dac/blocks/r2r_dac/digital/holdout/test_r2r_dac_digital_holdout.py" /><property name="line" value="15" /><property name="sim_time_unit" value="ns" /><property name="sim_time_start" value="0.0" /><property name="sim_time_stop" value="7270.0" /><property name="sim_time_duration" value="7270.0" /><property name="sim_time_ratio" value="190266.93775926833" /><property name="attachment" value="/home/ihsan/.cc/worktrees/ece298a/r2r-dac/blocks/r2r_dac/digital/log/holdout_build/sim.log" /></properties><system-out>[[ATTACHMENT|/home/ihsan/.cc/worktrees/ece298a/r2r-dac/blocks/r2r_dac/digital/log/holdout_build/sim.log]]
</system-out></testcase><testcase classname="test_r2r_dac_digital_holdout" name="test_hold_after_excursion_from_ff" time="0.005"><properties><property name="cocotb" value="True" /><property name="random_seed" value="1790340990" /><property name="file" value="/home/ihsan/.cc/worktrees/ece298a/r2r-dac/blocks/r2r_dac/digital/holdout/test_r2r_dac_digital_holdout.py" /><property name="line" value="42" /><property name="sim_time_unit" value="ns" /><property name="sim_time_start" value="7270.001" /><property name="sim_time_stop" value="8140.001" /><property name="sim_time_duration" value="870.0" /><property name="sim_time_ratio" value="158774.5370180575" /><property name="attachment" value="/home/ihsan/.cc/worktrees/ece298a/r2r-dac/blocks/r2r_dac/digital/log/holdout_build/sim.log" /></properties><system-out>[[ATTACHMENT|/home/ihsan/.cc/worktrees/ece298a/r2r-dac/blocks/r2r_dac/digital/log/holdout_build/sim.log]]
</system-out></testcase></testsuite></testsuites>