<?xml version='1.0' encoding='utf-8'?>
<testsuites name="cocotb tests"><testsuite name="test_r2r_dac_digital" errors="0" failures="0" skipped="0" tests="8" time="1.014" timestamp="2026-09-25T12:59:16.469044+00:00" hostname="iiks1"><testcase classname="test_r2r_dac_digital" name="test_reset_clears" time="0.002"><properties><property name="cocotb" value="True" /><property name="random_seed" value="1790341151" /><property name="file" value="/home/ihsan/.cc/worktrees/ece298a/r2r-dac/blocks/r2r_dac/digital/tb/test_r2r_dac_digital.py" /><property name="line" value="35" /><property name="sim_time_unit" value="ns" /><property name="sim_time_start" value="0.0" /><property name="sim_time_stop" value="170.0" /><property name="sim_time_duration" value="170.0" /><property name="sim_time_ratio" value="69764.50636183762" /><property name="attachment" value="/home/ihsan/.cc/worktrees/ece298a/r2r-dac/blocks/r2r_dac/digital/log/sim_build/sim.log" /></properties><system-out>[[ATTACHMENT|/home/ihsan/.cc/worktrees/ece298a/r2r-dac/blocks/r2r_dac/digital/log/sim_build/sim.log]]
</system-out></testcase><testcase classname="test_r2r_dac_digital" name="test_register_capture" time="0.001"><properties><property name="cocotb" value="True" /><property name="random_seed" value="1790341151" /><property name="file" value="/home/ihsan/.cc/worktrees/ece298a/r2r-dac/blocks/r2r_dac/digital/tb/test_r2r_dac_digital.py" /><property name="line" value="58" /><property name="sim_time_unit" value="ns" /><property name="sim_time_start" value="170.001" /><property name="sim_time_stop" value="380.001" /><property name="sim_time_duration" value="209.99999999999997" /><property name="sim_time_ratio" value="240397.5210734239" /><property name="attachment" value="/home/ihsan/.cc/worktrees/ece298a/r2r-dac/blocks/r2r_dac/digital/log/sim_build/sim.log" /></properties><system-out>[[ATTACHMENT|/home/ihsan/.cc/worktrees/ece298a/r2r-dac/blocks/r2r_dac/digital/log/sim_build/sim.log]]
</system-out></testcase><testcase classname="test_r2r_dac_digital" name="test_registered_output" time="0.000"><properties><property name="cocotb" value="True" /><property name="random_seed" value="1790341151" /><property name="file" value="/home/ihsan/.cc/worktrees/ece298a/r2r-dac/blocks/r2r_dac/digital/tb/test_r2r_dac_digital.py" /><property name="line" value="68" /><property name="sim_time_unit" value="ns" /><property name="sim_time_start" value="380.002" /><property name="sim_time_stop" value="470.002" /><property name="sim_time_duration" value="90.0" /><property name="sim_time_ratio" value="186979.96952573335" /><property name="attachment" value="/home/ihsan/.cc/worktrees/ece298a/r2r-dac/blocks/r2r_dac/digital/log/sim_build/sim.log" /></properties><system-out>[[ATTACHMENT|/home/ihsan/.cc/worktrees/ece298a/r2r-dac/blocks/r2r_dac/digital/log/sim_build/sim.log]]
</system-out></testcase><testcase classname="test_r2r_dac_digital" name="test_hold_keeps_captured_code" time="0.001"><properties><property name="cocotb" value="True" /><property name="random_seed" value="1790341151" /><property name="file" value="/home/ihsan/.cc/worktrees/ece298a/r2r-dac/blocks/r2r_dac/digital/tb/test_r2r_dac_digital.py" /><property name="line" value="85" /><property name="sim_time_unit" value="ns" /><property name="sim_time_start" value="470.003" /><property name="sim_time_stop" value="840.003" /><property name="sim_time_duration" value="370.00000000000006" /><property name="sim_time_ratio" value="331136.4850568093" /><property name="attachment" value="/home/ihsan/.cc/worktrees/ece298a/r2r-dac/blocks/r2r_dac/digital/log/sim_build/sim.log" /></properties><system-out>[[ATTACHMENT|/home/ihsan/.cc/worktrees/ece298a/r2r-dac/blocks/r2r_dac/digital/log/sim_build/sim.log]]
</system-out></testcase><testcase classname="test_r2r_dac_digital" name="test_ramp_all_codes_and_wrap" time="0.018"><properties><property name="cocotb" value="True" /><property name="random_seed" value="1790341151" /><property name="file" value="/home/ihsan/.cc/worktrees/ece298a/r2r-dac/blocks/r2r_dac/digital/tb/test_r2r_dac_digital.py" /><property name="line" value="106" /><property name="sim_time_unit" value="ns" /><property name="sim_time_start" value="840.004" /><property name="sim_time_stop" value="6890.004" /><property name="sim_time_duration" value="6050.0" /><property name="sim_time_ratio" value="345452.72863302485" /><property name="attachment" value="/home/ihsan/.cc/worktrees/ece298a/r2r-dac/blocks/r2r_dac/digital/log/sim_build/sim.log" /></properties><system-out>[[ATTACHMENT|/home/ihsan/.cc/worktrees/ece298a/r2r-dac/blocks/r2r_dac/digital/log/sim_build/sim.log]]
</system-out></testcase><testcase classname="test_r2r_dac_digital" name="test_slow_prescale" time="0.050"><properties><property name="cocotb" value="True" /><property name="random_seed" value="1790341151" /><property name="file" value="/home/ihsan/.cc/worktrees/ece298a/r2r-dac/blocks/r2r_dac/digital/tb/test_r2r_dac_digital.py" /><property name="line" value="120" /><property name="sim_time_unit" value="ns" /><property name="sim_time_start" value="6890.005" /><property name="sim_time_stop" value="22440.005" /><property name="sim_time_duration" value="15550.0" /><property name="sim_time_ratio" value="311305.80944093445" /><property name="attachment" value="/home/ihsan/.cc/worktrees/ece298a/r2r-dac/blocks/r2r_dac/digital/log/sim_build/sim.log" /></properties><system-out>[[ATTACHMENT|/home/ihsan/.cc/worktrees/ece298a/r2r-dac/blocks/r2r_dac/digital/log/sim_build/sim.log]]
</system-out></testcase><testcase classname="test_r2r_dac_digital" name="test_sine_table_all_entries" time="0.031"><properties><property name="cocotb" value="True" /><property name="random_seed" value="1790341151" /><property name="file" value="/home/ihsan/.cc/worktrees/ece298a/r2r-dac/blocks/r2r_dac/digital/tb/test_r2r_dac_digital.py" /><property name="line" value="146" /><property name="sim_time_unit" value="ns" /><property name="sim_time_start" value="22440.006" /><property name="sim_time_stop" value="27770.006" /><property name="sim_time_duration" value="5330.0" /><property name="sim_time_ratio" value="170259.70003672174" /><property name="attachment" value="/home/ihsan/.cc/worktrees/ece298a/r2r-dac/blocks/r2r_dac/digital/log/sim_build/sim.log" /></properties><system-out>[[ATTACHMENT|/home/ihsan/.cc/worktrees/ece298a/r2r-dac/blocks/r2r_dac/digital/log/sim_build/sim.log]]
</system-out></testcase><testcase classname="test_r2r_dac_digital" name="test_random_mode_switching_against_model" time="0.910"><properties><property name="cocotb" value="True" /><property name="random_seed" value="1790341151" /><property name="file" value="/home/ihsan/.cc/worktrees/ece298a/r2r-dac/blocks/r2r_dac/digital/tb/test_r2r_dac_digital.py" /><property name="line" value="157" /><property name="sim_time_unit" value="ns" /><property name="sim_time_start" value="27770.007" /><property name="sim_time_stop" value="87820.007" /><property name="sim_time_duration" value="60050.0" /><property name="sim_time_ratio" value="65963.75237912413" /><property name="attachment" value="/home/ihsan/.cc/worktrees/ece298a/r2r-dac/blocks/r2r_dac/digital/log/sim_build/sim.log" /></properties><system-out>[[ATTACHMENT|/home/ihsan/.cc/worktrees/ece298a/r2r-dac/blocks/r2r_dac/digital/log/sim_build/sim.log]]
</system-out></testcase></testsuite></testsuites>